<?xml version="1.0" encoding="UTF-8"?>
<!-- Generated by org.testng.reporters.JUnitReportReporter -->
<testsuite skipped="0" hostname="mayank" name="testcases.TutorVerifyYourmailTest" tests="1" failures="0" timestamp="02 May 2018 10:20:25 GMT" time="107.731" errors="0">
  <testcase name="Yopmail" time="107.731" classname="testcases.TutorVerifyYourmailTest"/>
</testsuite> <!-- testcases.TutorVerifyYourmailTest -->
