<?xml version="1.0" encoding="UTF-8"?>
<!-- Generated by org.testng.reporters.JUnitReportReporter -->
<testsuite skipped="0" hostname="mayank" name="testcases.TutorEducationBackgroundTest" tests="1" failures="0" timestamp="02 May 2018 10:20:25 GMT" time="93.835" errors="0">
  <testcase name="TutorBackground" time="93.835" classname="testcases.TutorEducationBackgroundTest"/>
</testsuite> <!-- testcases.TutorEducationBackgroundTest -->
