<?xml version="1.0" encoding="UTF-8"?>
<!-- Generated by org.testng.reporters.JUnitReportReporter -->
<testsuite skipped="0" hostname="mayank" name="testcases.TutorMyScheduleTest2" tests="1" failures="0" timestamp="03 May 2018 05:24:09 GMT" time="12.752" errors="0">
  <testcase name="mySchedulePlan" time="12.752" classname="testcases.TutorMyScheduleTest2"/>
</testsuite> <!-- testcases.TutorMyScheduleTest2 -->
