<?xml version="1.0" encoding="UTF-8"?>
<!-- Generated by org.testng.reporters.JUnitReportReporter -->
<testsuite skipped="0" hostname="mayank" name="testcases.ParentSigInTest" tests="3" failures="0" timestamp="03 May 2018 05:24:09 GMT" time="127.153" errors="0">
  <testcase name="SignIn" time="36.700" classname="testcases.ParentSigInTest"/>
  <testcase name="SignIn" time="39.310" classname="testcases.ParentSigInTest"/>
  <testcase name="SignIn" time="51.143" classname="testcases.ParentSigInTest"/>
</testsuite> <!-- testcases.ParentSigInTest -->
