<?xml version="1.0" encoding="UTF-8"?>
<!-- Generated by org.testng.reporters.JUnitReportReporter -->
<testsuite skipped="0" hostname="mayank" name="testcases.TutorContactInfoTest" tests="1" failures="0" timestamp="02 May 2018 10:20:25 GMT" time="71.418" errors="0">
  <testcase name="ContactInformation" time="71.418" classname="testcases.TutorContactInfoTest"/>
</testsuite> <!-- testcases.TutorContactInfoTest -->
