<?xml version="1.0" encoding="UTF-8"?>
<!-- Generated by org.testng.reporters.JUnitReportReporter -->
<testsuite skipped="0" hostname="mayank" name="testcases.TutorSigInTest" tests="4" failures="0" timestamp="03 May 2018 05:24:09 GMT" time="215.572" errors="0">
  <testcase name="SignIn" time="51.423" classname="testcases.TutorSigInTest"/>
  <testcase name="SignIn" time="46.535" classname="testcases.TutorSigInTest"/>
  <testcase name="SignIn" time="72.228" classname="testcases.TutorSigInTest"/>
  <testcase name="SignIn" time="45.386" classname="testcases.TutorSigInTest"/>
</testsuite> <!-- testcases.TutorSigInTest -->
