<?xml version="1.0" encoding="UTF-8"?>
<!-- Generated by org.testng.reporters.JUnitReportReporter -->
<testsuite skipped="0" hostname="MBP-STICKER-148.local" name="testcases.cl_transvip_loginTest" tests="1" failures="0" timestamp="01 Oct 2019 11:24:30 GMT" time="10.292" errors="0">
  <testcase name="login" time="10.292" classname="testcases.cl_transvip_loginTest"/>
</testsuite> <!-- testcases.cl_transvip_loginTest -->
