<?xml version="1.0" encoding="UTF-8"?>
<!-- Generated by org.testng.reporters.JUnitReportReporter -->
<testsuite skipped="0" hostname="mayank" name="testcases.TutorBuildYourProfileTest" tests="1" failures="0" timestamp="02 May 2018 10:20:25 GMT" time="89.385" errors="0">
  <testcase name="ProfileInformation" time="89.385" classname="testcases.TutorBuildYourProfileTest"/>
</testsuite> <!-- testcases.TutorBuildYourProfileTest -->
