<?xml version="1.0" encoding="UTF-8"?>
<!-- Generated by org.testng.reporters.JUnitReportReporter -->
<testsuite skipped="0" hostname="mayank" name="testcases.TutorBackgroundCheckTest" tests="1" failures="0" timestamp="02 May 2018 10:20:25 GMT" time="16.288" errors="0">
  <testcase name="BackgroundInformation" time="16.288" classname="testcases.TutorBackgroundCheckTest"/>
</testsuite> <!-- testcases.TutorBackgroundCheckTest -->
