<?xml version="1.0" encoding="UTF-8"?>
<!-- Generated by org.testng.reporters.JUnitReportReporter -->
<testsuite skipped="0" hostname="mayank" name="testcases.ParentMyProfileTest" tests="1" failures="0" timestamp="03 May 2018 05:24:09 GMT" time="59.832" errors="0">
  <testcase name="ContactInformation" time="59.832" classname="testcases.ParentMyProfileTest"/>
</testsuite> <!-- testcases.ParentMyProfileTest -->
