<?xml version="1.0" encoding="UTF-8"?>
<!-- Generated by org.testng.reporters.JUnitReportReporter -->
<testsuite skipped="0" hostname="MBP-STICKER-148.local" name="testcases.cl_transvip_loginTest" tests="1" failures="0" timestamp="29 Sep 2019 10:04:52 GMT" time="23.980" errors="0">
  <testcase name="login" time="23.980" classname="testcases.cl_transvip_loginTest"/>
</testsuite> <!-- testcases.cl_transvip_loginTest -->
