<?xml version="1.0" encoding="UTF-8"?>
<!-- Generated by org.testng.reporters.JUnitReportReporter -->
<testsuite skipped="0" hostname="mayank" name="testcases.ParentSignUpTest" tests="1" failures="0" timestamp="03 May 2018 05:24:09 GMT" time="83.663" errors="0">
  <testcase name="SignUp" time="83.663" classname="testcases.ParentSignUpTest"/>
</testsuite> <!-- testcases.ParentSignUpTest -->
