<?xml version="1.0" encoding="UTF-8"?>
<!-- Generated by org.testng.reporters.JUnitReportReporter -->
<testsuite skipped="0" hostname="mayank" name="testcases.ParentMyChildSessionTest" tests="1" failures="0" timestamp="03 May 2018 05:24:09 GMT" time="28.842" errors="0">
  <testcase name="childSession" time="28.842" classname="testcases.ParentMyChildSessionTest"/>
</testsuite> <!-- testcases.ParentMyChildSessionTest -->
