<?xml version="1.0" encoding="UTF-8"?>
<!-- Generated by org.testng.reporters.JUnitReportReporter -->
<testsuite skipped="0" hostname="mayank" name="testcases.bookSessionTest2" tests="1" failures="0" timestamp="03 May 2018 05:24:09 GMT" time="76.345" errors="0">
  <testcase name="BookingSession" time="76.345" classname="testcases.bookSessionTest2"/>
</testsuite> <!-- testcases.bookSessionTest2 -->
